2025-07-29 13:54:53,257 - INFO - PostgreSQL 數據庫初始化成功
2025-07-29 13:54:54,792 - INFO - ethereum 連接成功
2025-07-29 13:54:55,666 - INFO - bsc 連接成功
2025-07-29 13:54:55,667 - INFO - 開始代幣監控...
2025-07-29 13:54:55,913 - INFO - 開始監控 ethereum，當前區塊: 23022838
2025-07-29 13:54:57,609 - INFO - 找到 3258 個 Transfer 事件
2025-07-29 13:56:36,555 - INFO - ethereum - 0xdAC17F958D2ee523a2206206994597C13D831ec7 監控完成
2025-07-29 13:56:41,523 - INFO - 找到 2889 個 Transfer 事件
2025-07-29 13:56:51,490 - INFO - 監控已停止
2025-07-29 13:56:51,505 - INFO - 連接已關閉
2025-07-29 14:01:48,634 - INFO - PostgreSQL 數據庫初始化成功
2025-07-29 14:01:50,194 - INFO - ethereum 連接成功
2025-07-29 14:01:51,384 - INFO - bsc 連接成功
2025-07-29 14:01:51,385 - INFO - 開始代幣監控...
2025-07-29 14:01:51,627 - INFO - 開始監控 ethereum，當前區塊: 23022873
2025-07-29 14:01:53,096 - INFO - 找到 3511 個 Transfer 事件
2025-07-29 14:02:04,746 - INFO - 監控已停止
2025-07-29 14:02:04,749 - INFO - 連接已關閉
2025-07-29 14:02:19,273 - INFO - PostgreSQL 數據庫初始化成功
2025-07-29 14:02:20,849 - INFO - ethereum 連接成功
2025-07-29 14:02:21,819 - INFO - bsc 連接成功
2025-07-29 14:02:21,819 - INFO - 開始代幣監控...
2025-07-29 14:02:22,071 - INFO - 開始監控 ethereum，當前區塊: 23022875
2025-07-29 14:02:23,658 - INFO - 找到 3527 個 Transfer 事件
2025-07-29 14:04:12,707 - INFO - ethereum - 0xdAC17F958D2ee523a2206206994597C13D831ec7 監控完成
2025-07-29 14:04:15,582 - INFO - 找到 3018 個 Transfer 事件
2025-07-29 14:05:27,323 - INFO - 監控已停止
2025-07-29 14:05:27,326 - INFO - 連接已關閉
